<?xml version="1.0" encoding="UTF-8"?>
<!-- Generated by org.testng.reporters.JUnitXMLReporter -->
<testsuite hostname="de-aisn-4cvmpf2" ignored="0" name="Default test" tests="3" failures="0" timestamp="12 Jun 2018 11:41:25 GMT" time="7.858" errors="0">
  <testcase name="Test1" time="0.006" classname="Test.Xray.Jira.TestJira"/>
  <testcase name="Test2" time="0.002" classname="Test.Xray.Jira.TestJira"/>
  <testcase name="Test3" time="0.001" classname="Test.Xray.Jira.TestJira"/>
</testsuite> <!-- Default test -->
