<?xml version="1.0" encoding="UTF-8"?>
<testng-results skipped="0" failed="0" ignored="0" total="3" passed="3">
  <reporter-output>
  </reporter-output>
  <suite name="Default suite" duration-ms="7858" started-at="2018-06-12T11:41:17Z" finished-at="2018-06-12T11:41:25Z">
    <groups>
    </groups>
    <test name="Default test" duration-ms="7858" started-at="2018-06-12T11:41:17Z" finished-at="2018-06-12T11:41:25Z">
      <class name="Test.Xray.Jira.TestJira">
        <test-method status="PASS" signature="setUp()[pri:0, instance:Test.Xray.Jira.TestJira@5cb9f472]" name="setUp" is-config="true" duration-ms="5856" started-at="2018-06-12T11:41:17Z" finished-at="2018-06-12T11:41:23Z">
          <reporter-output>
          </reporter-output>
        </test-method> <!-- setUp -->
        <test-method status="PASS" signature="Test1()[pri:0, instance:Test.Xray.Jira.TestJira@5cb9f472]" name="Test1" duration-ms="6" started-at="2018-06-12T11:41:23Z" finished-at="2018-06-12T11:41:23Z">
          <reporter-output>
          </reporter-output>
        </test-method> <!-- Test1 -->
        <test-method status="PASS" signature="Test2()[pri:0, instance:Test.Xray.Jira.TestJira@5cb9f472]" name="Test2" duration-ms="2" started-at="2018-06-12T11:41:23Z" finished-at="2018-06-12T11:41:23Z">
          <reporter-output>
          </reporter-output>
        </test-method> <!-- Test2 -->
        <test-method status="PASS" signature="Test3()[pri:0, instance:Test.Xray.Jira.TestJira@5cb9f472]" name="Test3" duration-ms="1" started-at="2018-06-12T11:41:23Z" finished-at="2018-06-12T11:41:23Z">
          <reporter-output>
          </reporter-output>
        </test-method> <!-- Test3 -->
        <test-method status="PASS" signature="tearDown()[pri:0, instance:Test.Xray.Jira.TestJira@5cb9f472]" name="tearDown" is-config="true" duration-ms="1965" started-at="2018-06-12T11:41:23Z" finished-at="2018-06-12T11:41:25Z">
          <reporter-output>
          </reporter-output>
        </test-method> <!-- tearDown -->
      </class> <!-- Test.Xray.Jira.TestJira -->
    </test> <!-- Default test -->
  </suite> <!-- Default suite -->
</testng-results>
